<?xml version="1.0" encoding="UTF-8"?>
<!-- Generated by org.testng.reporters.JUnitReportReporter -->
<testsuite skipped="0" hostname="DESKTOP-PAON71K" name="DesktopTests.CalculatorTests" tests="3" failures="0" timestamp="27 Sep 2019 09:53:03 GMT" time="6.677" errors="0">
  <testcase name="Test003_MultiplyTwoNumbers" time="2.147" classname="DesktopTests.CalculatorTests"/>
  <testcase name="Test001_SumTwoNumbers" time="2.099" classname="DesktopTests.CalculatorTests"/>
  <testcase name="Test002_SubTwoNumbers" time="2.431" classname="DesktopTests.CalculatorTests"/>
</testsuite> <!-- DesktopTests.CalculatorTests -->
