<?xml version="1.0" encoding="UTF-8"?>
<!-- Generated by org.testng.reporters.JUnitReportReporter -->
<testsuite skipped="0" hostname="DESKTOP-PAON71K" name="Web_Tests.YouTube_Change_language_and_Country" tests="5" failures="0" timestamp="27 Sep 2019 09:53:03 GMT" time="29.452" errors="0">
  <testcase name="Test001_verifyForDefaultEnglishLanguage" time="0.605" classname="Web_Tests.YouTube_Change_language_and_Country"/>
  <testcase name="Test002_verifyForDefaultEnglishLanguageFromDB" time="6.681" classname="Web_Tests.YouTube_Change_language_and_Country"/>
  <testcase name="Test004_MoveToUserHelperIFRAME" time="7.391" classname="Web_Tests.YouTube_Change_language_and_Country"/>
  <testcase name="Test003_SelectNewLanguage" time="12.913" classname="Web_Tests.YouTube_Change_language_and_Country"/>
  <testcase name="Test005_SearchInsideUserHelperIFRAME" time="1.862" classname="Web_Tests.YouTube_Change_language_and_Country"/>
</testsuite> <!-- Web_Tests.YouTube_Change_language_and_Country -->
