<?xml version="1.0" encoding="UTF-8"?>
<!-- Generated by org.testng.reporters.JUnitReportReporter -->
<testsuite skipped="0" hostname="DESKTOP-PAON71K" name="Tests.Test_Case_002_YouTube_Change_language_and_Country" tests="4" failures="0" timestamp="20 Jul 2019 09:19:33 GMT" time="14.542" errors="0">
  <testcase name="Test003_MoveToUserHelperIFRAME" time="4.683" classname="Tests.Test_Case_002_YouTube_Change_language_and_Country"/>
  <testcase name="Test001_verifyForDefaultEnglishLanguage" time="0.392" classname="Tests.Test_Case_002_YouTube_Change_language_and_Country"/>
  <testcase name="Test004_SearchInsideUserHelperIFRAME" time="1.011" classname="Tests.Test_Case_002_YouTube_Change_language_and_Country"/>
  <testcase name="Test002_SelectNewLanguage" time="8.456" classname="Tests.Test_Case_002_YouTube_Change_language_and_Country"/>
</testsuite> <!-- Tests.Test_Case_002_YouTube_Change_language_and_Country -->
