<?xml version="1.0" encoding="UTF-8"?>
<!-- Generated by org.testng.reporters.JUnitReportReporter -->
<testsuite skipped="0" hostname="DESKTOP-PAON71K" name="Mobile_Tests.Test_Case_001_ConvertLength" tests="1" failures="0" timestamp="26 Jul 2019 06:37:56 GMT" time="9.055" errors="0">
  <testcase name="Test001_ConvertLength" time="9.055" classname="Mobile_Tests.Test_Case_001_ConvertLength"/>
</testsuite> <!-- Mobile_Tests.Test_Case_001_ConvertLength -->
