<?xml version="1.0" encoding="UTF-8"?>
<!-- Generated by org.testng.reporters.JUnitReportReporter -->
<testsuite skipped="0" hostname="DESKTOP-PAON71K" name="Web_Tests.YouTube_search_and_play" tests="5" failures="0" timestamp="27 Sep 2019 09:25:48 GMT" time="13.197" errors="0">
  <testcase name="Test004_VerifyVerticalAlbumsTextListAndClick" time="0.168" classname="Web_Tests.YouTube_search_and_play"/>
  <testcase name="Test005_PlayPauseAndMaximizeVideoContainer" time="8.686" classname="Web_Tests.YouTube_search_and_play"/>
  <testcase name="Test001_searchAndVerifyArtistCardName" time="2.859" classname="Web_Tests.YouTube_search_and_play"/>
  <testcase name="Test003_VerifyHorizontalAlbumsListSize" time="0.325" classname="Web_Tests.YouTube_search_and_play"/>
  <testcase name="Test002_searchValueFromDB" time="1.159" classname="Web_Tests.YouTube_search_and_play"/>
</testsuite> <!-- Web_Tests.YouTube_search_and_play -->
