<?xml version="1.0" encoding="UTF-8"?>
<!-- Generated by org.testng.reporters.JUnitReportReporter -->
<testsuite skipped="0" hostname="DESKTOP-PAON71K" name="DesktopTests.Alarms_and_Clocks" tests="1" failures="0" timestamp="24 Sep 2019 14:36:27 GMT" time="4.832" errors="0">
  <testcase name="Test001_createNewAlarm" time="4.832" classname="DesktopTests.Alarms_and_Clocks"/>
</testsuite> <!-- DesktopTests.Alarms_and_Clocks -->
