<?xml version="1.0" encoding="UTF-8"?>
<!-- Generated by org.testng.reporters.JUnitReportReporter -->
<testsuite skipped="0" hostname="DESKTOP-PAON71K" name="Electron_App_Tests.Electron_Demo_App" tests="1" failures="0" timestamp="30 Aug 2019 13:50:32 GMT" time="0.743" errors="0">
  <testcase name="Test001_GetInfo" time="0.743" classname="Electron_App_Tests.Electron_Demo_App"/>
</testsuite> <!-- Electron_App_Tests.Electron_Demo_App -->
