<?xml version="1.0" encoding="UTF-8"?>
<!-- Generated by org.testng.reporters.JUnitReportReporter -->
<testsuite skipped="0" hostname="DESKTOP-PAON71K" name="Mobile_Tests.Test_Case_002_ConvertSpeed" tests="2" failures="0" timestamp="26 Jul 2019 07:46:35 GMT" time="12.235" errors="0">
  <testcase name="Test002_SelectAsiaCurrency" time="9.887" classname="Mobile_Tests.Test_Case_002_ConvertSpeed"/>
  <testcase name="Test001_SwipeRightToLeftToLivingTab" time="2.348" classname="Mobile_Tests.Test_Case_002_ConvertSpeed"/>
</testsuite> <!-- Mobile_Tests.Test_Case_002_ConvertSpeed -->
