<?xml version="1.0" encoding="UTF-8"?>
<!-- Generated by org.testng.reporters.JUnitReportReporter -->
<testsuite skipped="0" hostname="DESKTOP-PAON71K" name="Mobile_Tests.Test_Case_003_ResetSettings" tests="2" failures="0" timestamp="26 Jul 2019 08:32:10 GMT" time="11.846" errors="0">
  <testcase name="Test002_clickResetSettings" time="5.783" classname="Mobile_Tests.Test_Case_003_ResetSettings"/>
  <testcase name="Test001_ClickNavigationButton" time="6.063" classname="Mobile_Tests.Test_Case_003_ResetSettings"/>
</testsuite> <!-- Mobile_Tests.Test_Case_003_ResetSettings -->
