<?xml version="1.0" encoding="UTF-8"?>
<!-- Generated by org.testng.reporters.JUnitReportReporter -->
<testsuite skipped="0" hostname="DESKTOP-PAON71K" name="Electron_App_Tests.ElectronDemoApp_Screen_Size" tests="1" failures="0" timestamp="27 Sep 2019 09:53:03 GMT" time="0.896" errors="0">
  <testcase name="Test001_GetInfo" time="0.896" classname="Electron_App_Tests.ElectronDemoApp_Screen_Size"/>
</testsuite> <!-- Electron_App_Tests.ElectronDemoApp_Screen_Size -->
