<?xml version="1.0" encoding="UTF-8"?>
<!-- Generated by org.testng.reporters.JUnitReportReporter -->
<testsuite skipped="0" hostname="DESKTOP-PAON71K" name="Tests.Test_Case_001_YouTube_search_and_play" tests="4" failures="0" timestamp="08 Jul 2019 16:27:24 GMT" time="19.774" errors="0">
  <testcase name="Test001_searchAndVerifyArtistCardName" time="4.102" classname="Tests.Test_Case_001_YouTube_search_and_play"/>
  <testcase name="Test002_VerifyHorizontalAlbumsListSize" time="1.010" classname="Tests.Test_Case_001_YouTube_search_and_play"/>
  <testcase name="Test003_VerifyVerticalAlbumsTextListAndClick" time="0.243" classname="Tests.Test_Case_001_YouTube_search_and_play"/>
  <testcase name="Test004_PlayPauseAndMaximizeVideoContainer" time="14.419" classname="Tests.Test_Case_001_YouTube_search_and_play"/>
</testsuite> <!-- Tests.Test_Case_001_YouTube_search_and_play -->
