<?xml version="1.0" encoding="UTF-8"?>
<!-- Generated by org.testng.reporters.JUnitReportReporter -->
<testsuite skipped="0" hostname="DESKTOP-PAON71K" name="API_Tests.StudentsList_CRUD" tests="3" failures="0" timestamp="27 Sep 2019 09:53:03 GMT" time="2.509" errors="0">
  <testcase name="Test001_verifyStudentCreated" time="2.213" classname="API_Tests.StudentsList_CRUD"/>
  <testcase name="Test003_verifyStudentDeleted" time="0.171" classname="API_Tests.StudentsList_CRUD"/>
  <testcase name="Test002_verifyStudentUpdated" time="0.125" classname="API_Tests.StudentsList_CRUD"/>
</testsuite> <!-- API_Tests.StudentsList_CRUD -->
