<?xml version="1.0" encoding="UTF-8"?>
<!-- Generated by org.testng.reporters.JUnitReportReporter -->
<testsuite skipped="0" hostname="DESKTOP-PAON71K" name="API_Tests.StudentsList_UpdateStudentsParam" tests="1" failures="0" timestamp="11 Sep 2019 15:27:36 GMT" time="1.395" errors="0">
  <testcase name="Test001_verifyStudentUpdated" time="1.395" classname="API_Tests.StudentsList_UpdateStudentsParam"/>
</testsuite> <!-- API_Tests.StudentsList_UpdateStudentsParam -->
